02:00:56,108  INFO Version:15 - Hibernate Annotations 3.2.0.GA
02:00:56,820 DEBUG AnnotationConfiguration:539 - null<-org.dom4j.tree.DefaultAttribute@56ff18 [Attribute: name class value "actionForm.Bank_Detail"]
02:00:56,967 DEBUG AnnotationConfiguration:539 - null<-org.dom4j.tree.DefaultAttribute@1445d28 [Attribute: name class value "actionForm.Admin_Login"]
02:00:57,018 DEBUG AnnotationConfiguration:539 - null<-org.dom4j.tree.DefaultAttribute@aad8f9 [Attribute: name class value "actionForm.Emp_Login"]
02:00:57,020 DEBUG AnnotationConfiguration:539 - null<-org.dom4j.tree.DefaultAttribute@6b258d [Attribute: name class value "actionForm.Client_Login"]
02:00:57,022 DEBUG AnnotationConfiguration:539 - null<-org.dom4j.tree.DefaultAttribute@327cee [Attribute: name class value "actionForm.Emp_AddTrans"]
02:00:57,119 DEBUG AnnotationConfiguration:539 - null<-org.dom4j.tree.DefaultAttribute@1c047f0 [Attribute: name class value "actionForm.Client_View"]
02:00:57,126 DEBUG AnnotationConfiguration:539 - null<-org.dom4j.tree.DefaultAttribute@a877c0 [Attribute: name class value "actionForm.Admin_ClientChPW"]
02:00:57,128 DEBUG AnnotationConfiguration:539 - null<-org.dom4j.tree.DefaultAttribute@1e89539 [Attribute: name class value "actionForm.Admin_EmpChPW"]
02:00:57,130 DEBUG AnnotationConfiguration:235 - Execute first pass mapping processing
02:00:57,319 DEBUG AnnotationConfiguration:435 - Process hbm files
02:00:57,319 DEBUG AnnotationConfiguration:443 - Process annotated classes
02:00:57,324  INFO AnnotationBinder:387 - Binding entity from annotated class: actionForm.Bank_Detail
02:00:57,342 DEBUG Ejb3Column:161 - Binding column DTYPE unique false
02:00:57,358 DEBUG EntityBinder:212 - Import with entity name=Bank_Detail
02:00:57,362  INFO EntityBinder:340 - Bind entity actionForm.Bank_Detail on table bank_details
02:00:57,371 DEBUG AnnotationBinder:940 - Processing actionForm.Bank_Detail property annotation
02:00:57,441 DEBUG AnnotationBinder:1032 - Processing annotations of actionForm.Bank_Detail.id
02:00:57,442 DEBUG Ejb3Column:161 - Binding column id unique false
02:00:57,443 DEBUG AnnotationBinder:1153 - id is an id
02:00:57,450 DEBUG SimpleValueBinder:220 - building SimpleValue for id
02:00:57,456 DEBUG PropertyBinder:122 - Building property id
02:00:57,461 DEBUG PropertyBinder:155 - Cascading id with null
02:00:57,461 DEBUG AnnotationBinder:1186 - Bind @Id on id
02:00:57,462 DEBUG AnnotationBinder:1032 - Processing annotations of actionForm.Bank_Detail.bank_id
02:00:57,463 DEBUG Ejb3Column:161 - Binding column bank_id unique false
02:00:57,463 DEBUG AnnotationBinder:1153 - bank_id is an id
02:00:57,463 DEBUG SimpleValueBinder:220 - building SimpleValue for bank_id
02:00:57,464 DEBUG PropertyBinder:122 - Building property bank_id
02:00:57,464 DEBUG PropertyBinder:155 - Cascading bank_id with null
02:00:57,464 DEBUG AnnotationBinder:1186 - Bind @Id on bank_id
02:00:57,464 DEBUG AnnotationBinder:1032 - Processing annotations of actionForm.Bank_Detail.bank_branch_add
02:00:57,465 DEBUG Ejb3Column:161 - Binding column bank_branch_add unique false
02:00:57,465 DEBUG PropertyBinder:102 - binding property bank_branch_add with lazy=false
02:00:57,466 DEBUG SimpleValueBinder:220 - building SimpleValue for bank_branch_add
02:00:57,466 DEBUG PropertyBinder:122 - Building property bank_branch_add
02:00:57,466 DEBUG PropertyBinder:155 - Cascading bank_branch_add with null
02:00:57,467 DEBUG AnnotationBinder:1032 - Processing annotations of actionForm.Bank_Detail.bank_branch_name
02:00:57,467 DEBUG Ejb3Column:161 - Binding column bank_branch_name unique false
02:00:57,467 DEBUG PropertyBinder:102 - binding property bank_branch_name with lazy=false
02:00:57,468 DEBUG SimpleValueBinder:220 - building SimpleValue for bank_branch_name
02:00:57,468 DEBUG PropertyBinder:122 - Building property bank_branch_name
02:00:57,468 DEBUG PropertyBinder:155 - Cascading bank_branch_name with null
02:00:57,468 DEBUG AnnotationBinder:1032 - Processing annotations of actionForm.Bank_Detail.bank_branch_city
02:00:57,469 DEBUG Ejb3Column:161 - Binding column bank_branch_city unique false
02:00:57,469 DEBUG PropertyBinder:102 - binding property bank_branch_city with lazy=false
02:00:57,470 DEBUG SimpleValueBinder:220 - building SimpleValue for bank_branch_city
02:00:57,470 DEBUG PropertyBinder:122 - Building property bank_branch_city
02:00:57,470 DEBUG PropertyBinder:155 - Cascading bank_branch_city with null
02:00:57,470 DEBUG AnnotationBinder:1032 - Processing annotations of actionForm.Bank_Detail.bank_branch_phone
02:00:57,471 DEBUG Ejb3Column:161 - Binding column bank_branch_phone unique false
02:00:57,471 DEBUG PropertyBinder:102 - binding property bank_branch_phone with lazy=false
02:00:57,471 DEBUG SimpleValueBinder:220 - building SimpleValue for bank_branch_phone
02:00:57,472 DEBUG PropertyBinder:122 - Building property bank_branch_phone
02:00:57,472 DEBUG PropertyBinder:155 - Cascading bank_branch_phone with null
02:00:57,475  INFO AnnotationBinder:387 - Binding entity from annotated class: actionForm.Admin_Login
02:00:57,476 DEBUG Ejb3Column:161 - Binding column DTYPE unique false
02:00:57,476 DEBUG EntityBinder:212 - Import with entity name=Admin_Login
02:00:57,477  INFO EntityBinder:340 - Bind entity actionForm.Admin_Login on table bank_admin_login
02:00:57,477 DEBUG AnnotationBinder:940 - Processing actionForm.Admin_Login property annotation
02:00:57,483 DEBUG AnnotationBinder:1032 - Processing annotations of actionForm.Admin_Login.userName
02:00:57,483 DEBUG Ejb3Column:161 - Binding column bank_admin_user unique false
02:00:57,484 DEBUG AnnotationBinder:1153 - userName is an id
02:00:57,484 DEBUG SimpleValueBinder:220 - building SimpleValue for userName
02:00:57,484 DEBUG PropertyBinder:122 - Building property userName
02:00:57,485 DEBUG PropertyBinder:155 - Cascading userName with null
02:00:57,485 DEBUG AnnotationBinder:1186 - Bind @Id on userName
02:00:57,485 DEBUG AnnotationBinder:1032 - Processing annotations of actionForm.Admin_Login.bank_id
02:00:57,486 DEBUG Ejb3Column:161 - Binding column bank_admin_id unique false
02:00:57,486 DEBUG PropertyBinder:102 - binding property bank_id with lazy=false
02:00:57,486 DEBUG SimpleValueBinder:220 - building SimpleValue for bank_id
02:00:57,487 DEBUG PropertyBinder:122 - Building property bank_id
02:00:57,487 DEBUG PropertyBinder:155 - Cascading bank_id with null
02:00:57,488 DEBUG AnnotationBinder:1032 - Processing annotations of actionForm.Admin_Login.password
02:00:57,488 DEBUG Ejb3Column:161 - Binding column bank_admin_pass unique false
02:00:57,489 DEBUG PropertyBinder:102 - binding property password with lazy=false
02:00:57,489 DEBUG SimpleValueBinder:220 - building SimpleValue for password
02:00:57,489 DEBUG PropertyBinder:122 - Building property password
02:00:57,489 DEBUG PropertyBinder:155 - Cascading password with null
02:00:57,490  INFO AnnotationBinder:387 - Binding entity from annotated class: actionForm.Emp_Login
02:00:57,490 DEBUG Ejb3Column:161 - Binding column DTYPE unique false
02:00:57,491 DEBUG EntityBinder:212 - Import with entity name=Emp_Login
02:00:57,491  INFO EntityBinder:340 - Bind entity actionForm.Emp_Login on table bank_emp_login
02:00:57,491 DEBUG AnnotationBinder:940 - Processing actionForm.Emp_Login property annotation
02:00:57,494 DEBUG AnnotationBinder:1032 - Processing annotations of actionForm.Emp_Login.userName
02:00:57,494 DEBUG Ejb3Column:161 - Binding column bank_emp_user unique false
02:00:57,495 DEBUG AnnotationBinder:1153 - userName is an id
02:00:57,495 DEBUG SimpleValueBinder:220 - building SimpleValue for userName
02:00:57,495 DEBUG PropertyBinder:122 - Building property userName
02:00:57,496 DEBUG PropertyBinder:155 - Cascading userName with null
02:00:57,496 DEBUG AnnotationBinder:1186 - Bind @Id on userName
02:00:57,496 DEBUG AnnotationBinder:1032 - Processing annotations of actionForm.Emp_Login.bank_id
02:00:57,496 DEBUG Ejb3Column:161 - Binding column bank_emp_id unique false
02:00:57,497 DEBUG PropertyBinder:102 - binding property bank_id with lazy=false
02:00:57,497 DEBUG SimpleValueBinder:220 - building SimpleValue for bank_id
02:00:57,498 DEBUG PropertyBinder:122 - Building property bank_id
02:00:57,498 DEBUG PropertyBinder:155 - Cascading bank_id with null
02:00:57,498 DEBUG AnnotationBinder:1032 - Processing annotations of actionForm.Emp_Login.password
02:00:57,498 DEBUG Ejb3Column:161 - Binding column bank_emp_pass unique false
02:00:57,499 DEBUG PropertyBinder:102 - binding property password with lazy=false
02:00:57,499 DEBUG SimpleValueBinder:220 - building SimpleValue for password
02:00:57,499 DEBUG PropertyBinder:122 - Building property password
02:00:57,499 DEBUG PropertyBinder:155 - Cascading password with null
02:00:57,500  INFO AnnotationBinder:387 - Binding entity from annotated class: actionForm.Client_Login
02:00:57,500 DEBUG Ejb3Column:161 - Binding column DTYPE unique false
02:00:57,500 DEBUG EntityBinder:212 - Import with entity name=Client_Login
02:00:57,501  INFO EntityBinder:340 - Bind entity actionForm.Client_Login on table bank_client_login
02:00:57,501 DEBUG AnnotationBinder:940 - Processing actionForm.Client_Login property annotation
02:00:57,503 DEBUG AnnotationBinder:1032 - Processing annotations of actionForm.Client_Login.userName
02:00:57,503 DEBUG Ejb3Column:161 - Binding column bank_client_user unique false
02:00:57,504 DEBUG AnnotationBinder:1153 - userName is an id
02:00:57,504 DEBUG SimpleValueBinder:220 - building SimpleValue for userName
02:00:57,504 DEBUG PropertyBinder:122 - Building property userName
02:00:57,504 DEBUG PropertyBinder:155 - Cascading userName with null
02:00:57,505 DEBUG AnnotationBinder:1186 - Bind @Id on userName
02:00:57,505 DEBUG AnnotationBinder:1032 - Processing annotations of actionForm.Client_Login.bank_id
02:00:57,505 DEBUG Ejb3Column:161 - Binding column bank_client_id unique false
02:00:57,505 DEBUG PropertyBinder:102 - binding property bank_id with lazy=false
02:00:57,506 DEBUG SimpleValueBinder:220 - building SimpleValue for bank_id
02:00:57,506 DEBUG PropertyBinder:122 - Building property bank_id
02:00:57,506 DEBUG PropertyBinder:155 - Cascading bank_id with null
02:00:57,506 DEBUG AnnotationBinder:1032 - Processing annotations of actionForm.Client_Login.password
02:00:57,507 DEBUG Ejb3Column:161 - Binding column bank_client_pass unique false
02:00:57,507 DEBUG PropertyBinder:102 - binding property password with lazy=false
02:00:57,507 DEBUG SimpleValueBinder:220 - building SimpleValue for password
02:00:57,507 DEBUG PropertyBinder:122 - Building property password
02:00:57,507 DEBUG PropertyBinder:155 - Cascading password with null
02:00:57,508  INFO AnnotationBinder:387 - Binding entity from annotated class: actionForm.Emp_AddTrans
02:00:57,508 DEBUG Ejb3Column:161 - Binding column DTYPE unique false
02:00:57,508 DEBUG EntityBinder:212 - Import with entity name=Emp_AddTrans
02:00:57,508  INFO EntityBinder:340 - Bind entity actionForm.Emp_AddTrans on table bank_trans
02:00:57,509 DEBUG AnnotationBinder:940 - Processing actionForm.Emp_AddTrans property annotation
02:00:57,513 DEBUG AnnotationBinder:1032 - Processing annotations of actionForm.Emp_AddTrans.id
02:00:57,513 DEBUG Ejb3Column:161 - Binding column id unique false
02:00:57,514 DEBUG AnnotationBinder:1153 - id is an id
02:00:57,514 DEBUG SimpleValueBinder:220 - building SimpleValue for id
02:00:57,514 DEBUG PropertyBinder:122 - Building property id
02:00:57,515 DEBUG PropertyBinder:155 - Cascading id with null
02:00:57,515 DEBUG AnnotationBinder:1186 - Bind @Id on id
02:00:57,515 DEBUG AnnotationBinder:1032 - Processing annotations of actionForm.Emp_AddTrans.clid
02:00:57,515 DEBUG Ejb3Column:161 - Binding column bank_client_id unique false
02:00:57,516 DEBUG PropertyBinder:102 - binding property clid with lazy=false
02:00:57,516 DEBUG SimpleValueBinder:220 - building SimpleValue for clid
02:00:57,516 DEBUG PropertyBinder:122 - Building property clid
02:00:57,516 DEBUG PropertyBinder:155 - Cascading clid with null
02:00:57,516 DEBUG AnnotationBinder:1032 - Processing annotations of actionForm.Emp_AddTrans.details
02:00:57,517 DEBUG Ejb3Column:161 - Binding column details unique false
02:00:57,517 DEBUG PropertyBinder:102 - binding property details with lazy=false
02:00:57,517 DEBUG SimpleValueBinder:220 - building SimpleValue for details
02:00:57,517 DEBUG PropertyBinder:122 - Building property details
02:00:57,518 DEBUG PropertyBinder:155 - Cascading details with null
02:00:57,518 DEBUG AnnotationBinder:1032 - Processing annotations of actionForm.Emp_AddTrans.amount
02:00:57,518 DEBUG Ejb3Column:161 - Binding column balance unique false
02:00:57,519 DEBUG PropertyBinder:102 - binding property amount with lazy=false
02:00:57,519 DEBUG SimpleValueBinder:220 - building SimpleValue for amount
02:00:57,519 DEBUG PropertyBinder:122 - Building property amount
02:00:57,519 DEBUG PropertyBinder:155 - Cascading amount with null
02:00:57,520 DEBUG AnnotationBinder:1032 - Processing annotations of actionForm.Emp_AddTrans.withdrawn
02:00:57,520 DEBUG Ejb3Column:161 - Binding column withdrawn unique false
02:00:57,521 DEBUG PropertyBinder:102 - binding property withdrawn with lazy=false
02:00:57,521 DEBUG SimpleValueBinder:220 - building SimpleValue for withdrawn
02:00:57,521 DEBUG PropertyBinder:122 - Building property withdrawn
02:00:57,521 DEBUG PropertyBinder:155 - Cascading withdrawn with null
02:00:57,521 DEBUG AnnotationBinder:1032 - Processing annotations of actionForm.Emp_AddTrans.deposit
02:00:57,522 DEBUG Ejb3Column:161 - Binding column deposit unique false
02:00:57,522 DEBUG PropertyBinder:102 - binding property deposit with lazy=false
02:00:57,522 DEBUG SimpleValueBinder:220 - building SimpleValue for deposit
02:00:57,522 DEBUG PropertyBinder:122 - Building property deposit
02:00:57,523 DEBUG PropertyBinder:155 - Cascading deposit with null
02:00:57,523  INFO AnnotationBinder:387 - Binding entity from annotated class: actionForm.Client_View
02:00:57,523 DEBUG Ejb3Column:161 - Binding column DTYPE unique false
02:00:57,524 DEBUG EntityBinder:212 - Import with entity name=Client_View
02:00:57,524  INFO EntityBinder:340 - Bind entity actionForm.Client_View on table bank_trans
02:00:57,529 DEBUG AnnotationBinder:940 - Processing actionForm.Client_View property annotation
02:00:57,543 DEBUG AnnotationBinder:1032 - Processing annotations of actionForm.Client_View.id
02:00:57,544 DEBUG Ejb3Column:161 - Binding column id unique false
02:00:57,544 DEBUG AnnotationBinder:1153 - id is an id
02:00:57,544 DEBUG SimpleValueBinder:220 - building SimpleValue for id
02:00:57,545 DEBUG PropertyBinder:122 - Building property id
02:00:57,545 DEBUG PropertyBinder:155 - Cascading id with null
02:00:57,546 DEBUG AnnotationBinder:1186 - Bind @Id on id
02:00:57,546 DEBUG AnnotationBinder:1032 - Processing annotations of actionForm.Client_View.clid
02:00:57,546 DEBUG Ejb3Column:161 - Binding column bank_client_id unique false
02:00:57,547 DEBUG PropertyBinder:102 - binding property clid with lazy=false
02:00:57,547 DEBUG SimpleValueBinder:220 - building SimpleValue for clid
02:00:57,547 DEBUG PropertyBinder:122 - Building property clid
02:00:57,548 DEBUG PropertyBinder:155 - Cascading clid with null
02:00:57,548 DEBUG AnnotationBinder:1032 - Processing annotations of actionForm.Client_View.details
02:00:57,551 DEBUG Ejb3Column:161 - Binding column details unique false
02:00:57,551 DEBUG PropertyBinder:102 - binding property details with lazy=false
02:00:57,552 DEBUG SimpleValueBinder:220 - building SimpleValue for details
02:00:57,552 DEBUG PropertyBinder:122 - Building property details
02:00:57,552 DEBUG PropertyBinder:155 - Cascading details with null
02:00:57,552 DEBUG AnnotationBinder:1032 - Processing annotations of actionForm.Client_View.amount
02:00:57,553 DEBUG Ejb3Column:161 - Binding column balance unique false
02:00:57,553 DEBUG PropertyBinder:102 - binding property amount with lazy=false
02:00:57,553 DEBUG SimpleValueBinder:220 - building SimpleValue for amount
02:00:57,554 DEBUG PropertyBinder:122 - Building property amount
02:00:57,554 DEBUG PropertyBinder:155 - Cascading amount with null
02:00:57,554 DEBUG AnnotationBinder:1032 - Processing annotations of actionForm.Client_View.withdrawn
02:00:57,555 DEBUG Ejb3Column:161 - Binding column withdrawn unique false
02:00:57,555 DEBUG PropertyBinder:102 - binding property withdrawn with lazy=false
02:00:57,555 DEBUG SimpleValueBinder:220 - building SimpleValue for withdrawn
02:00:57,556 DEBUG PropertyBinder:122 - Building property withdrawn
02:00:57,556 DEBUG PropertyBinder:155 - Cascading withdrawn with null
02:00:57,556 DEBUG AnnotationBinder:1032 - Processing annotations of actionForm.Client_View.deposit
02:00:57,556 DEBUG Ejb3Column:161 - Binding column deposit unique false
02:00:57,557 DEBUG PropertyBinder:102 - binding property deposit with lazy=false
02:00:57,557 DEBUG SimpleValueBinder:220 - building SimpleValue for deposit
02:00:57,557 DEBUG PropertyBinder:122 - Building property deposit
02:00:57,558 DEBUG PropertyBinder:155 - Cascading deposit with null
02:00:57,558  INFO AnnotationBinder:387 - Binding entity from annotated class: actionForm.Admin_ClientChPW
02:00:57,558 DEBUG Ejb3Column:161 - Binding column DTYPE unique false
02:00:57,559 DEBUG EntityBinder:212 - Import with entity name=Admin_ClientChPW
02:00:57,559  INFO EntityBinder:340 - Bind entity actionForm.Admin_ClientChPW on table bank_client_login
02:00:57,559 DEBUG AnnotationBinder:940 - Processing actionForm.Admin_ClientChPW property annotation
02:00:57,562 DEBUG AnnotationBinder:1032 - Processing annotations of actionForm.Admin_ClientChPW.userName
02:00:57,562 DEBUG Ejb3Column:161 - Binding column bank_client_user unique false
02:00:57,563 DEBUG AnnotationBinder:1153 - userName is an id
02:00:57,563 DEBUG SimpleValueBinder:220 - building SimpleValue for userName
02:00:57,563 DEBUG PropertyBinder:122 - Building property userName
02:00:57,564 DEBUG PropertyBinder:155 - Cascading userName with null
02:00:57,564 DEBUG AnnotationBinder:1186 - Bind @Id on userName
02:00:57,564 DEBUG AnnotationBinder:1032 - Processing annotations of actionForm.Admin_ClientChPW.bank_id
02:00:57,564 DEBUG Ejb3Column:161 - Binding column bank_client_id unique false
02:00:57,565 DEBUG PropertyBinder:102 - binding property bank_id with lazy=false
02:00:57,565 DEBUG SimpleValueBinder:220 - building SimpleValue for bank_id
02:00:57,566 DEBUG PropertyBinder:122 - Building property bank_id
02:00:57,566 DEBUG PropertyBinder:155 - Cascading bank_id with null
02:00:57,566 DEBUG AnnotationBinder:1032 - Processing annotations of actionForm.Admin_ClientChPW.password
02:00:57,566 DEBUG Ejb3Column:161 - Binding column bank_client_pass unique false
02:00:57,567 DEBUG PropertyBinder:102 - binding property password with lazy=false
02:00:57,567 DEBUG SimpleValueBinder:220 - building SimpleValue for password
02:00:57,567 DEBUG PropertyBinder:122 - Building property password
02:00:57,567 DEBUG PropertyBinder:155 - Cascading password with null
02:00:57,568  INFO AnnotationBinder:387 - Binding entity from annotated class: actionForm.Admin_EmpChPW
02:00:57,568 DEBUG Ejb3Column:161 - Binding column DTYPE unique false
02:00:57,569 DEBUG EntityBinder:212 - Import with entity name=Admin_EmpChPW
02:00:57,569  INFO EntityBinder:340 - Bind entity actionForm.Admin_EmpChPW on table bank_emp_login
02:00:57,569 DEBUG AnnotationBinder:940 - Processing actionForm.Admin_EmpChPW property annotation
02:00:57,574 DEBUG AnnotationBinder:1032 - Processing annotations of actionForm.Admin_EmpChPW.userName
02:00:57,575 DEBUG Ejb3Column:161 - Binding column bank_emp_user unique false
02:00:57,575 DEBUG AnnotationBinder:1153 - userName is an id
02:00:57,575 DEBUG SimpleValueBinder:220 - building SimpleValue for userName
02:00:57,575 DEBUG PropertyBinder:122 - Building property userName
02:00:57,576 DEBUG PropertyBinder:155 - Cascading userName with null
02:00:57,576 DEBUG AnnotationBinder:1186 - Bind @Id on userName
02:00:57,576 DEBUG AnnotationBinder:1032 - Processing annotations of actionForm.Admin_EmpChPW.bank_id
02:00:57,576 DEBUG Ejb3Column:161 - Binding column bank_emp_id unique false
02:00:57,577 DEBUG PropertyBinder:102 - binding property bank_id with lazy=false
02:00:57,577 DEBUG SimpleValueBinder:220 - building SimpleValue for bank_id
02:00:57,577 DEBUG PropertyBinder:122 - Building property bank_id
02:00:57,578 DEBUG PropertyBinder:155 - Cascading bank_id with null
02:00:57,578 DEBUG AnnotationBinder:1032 - Processing annotations of actionForm.Admin_EmpChPW.password
02:00:57,578 DEBUG Ejb3Column:161 - Binding column bank_emp_pass unique false
02:00:57,578 DEBUG PropertyBinder:102 - binding property password with lazy=false
02:00:57,579 DEBUG SimpleValueBinder:220 - building SimpleValue for password
02:00:57,579 DEBUG PropertyBinder:122 - Building property password
02:00:57,579 DEBUG PropertyBinder:155 - Cascading password with null
02:00:57,579 DEBUG AnnotationConfiguration:329 - processing manytoone fk mappings
02:00:57,608 DEBUG ClassValidator:160 - ResourceBundle ValidatorMessages not found in thread context classloader
02:00:57,608 DEBUG ClassValidator:170 - ResourceBundle ValidatorMessages not found in Validator classloader. Delegate to org.hibernate.validator.resources.DefaultValidatorMessages
02:00:57,625 DEBUG ClassValidator:160 - ResourceBundle ValidatorMessages not found in thread context classloader
02:00:57,628 DEBUG ClassValidator:170 - ResourceBundle ValidatorMessages not found in Validator classloader. Delegate to org.hibernate.validator.resources.DefaultValidatorMessages
02:00:57,635 DEBUG ClassValidator:160 - ResourceBundle ValidatorMessages not found in thread context classloader
02:00:57,636 DEBUG ClassValidator:170 - ResourceBundle ValidatorMessages not found in Validator classloader. Delegate to org.hibernate.validator.resources.DefaultValidatorMessages
02:00:57,642 DEBUG ClassValidator:160 - ResourceBundle ValidatorMessages not found in thread context classloader
02:00:57,643 DEBUG ClassValidator:170 - ResourceBundle ValidatorMessages not found in Validator classloader. Delegate to org.hibernate.validator.resources.DefaultValidatorMessages
02:00:57,649 DEBUG ClassValidator:160 - ResourceBundle ValidatorMessages not found in thread context classloader
02:00:57,650 DEBUG ClassValidator:170 - ResourceBundle ValidatorMessages not found in Validator classloader. Delegate to org.hibernate.validator.resources.DefaultValidatorMessages
02:00:57,655 DEBUG ClassValidator:160 - ResourceBundle ValidatorMessages not found in thread context classloader
02:00:57,656 DEBUG ClassValidator:170 - ResourceBundle ValidatorMessages not found in Validator classloader. Delegate to org.hibernate.validator.resources.DefaultValidatorMessages
02:00:57,672 DEBUG ClassValidator:160 - ResourceBundle ValidatorMessages not found in thread context classloader
02:00:57,673 DEBUG ClassValidator:170 - ResourceBundle ValidatorMessages not found in Validator classloader. Delegate to org.hibernate.validator.resources.DefaultValidatorMessages
02:00:57,679 DEBUG ClassValidator:160 - ResourceBundle ValidatorMessages not found in thread context classloader
02:00:57,679 DEBUG ClassValidator:170 - ResourceBundle ValidatorMessages not found in Validator classloader. Delegate to org.hibernate.validator.resources.DefaultValidatorMessages
02:00:59,243 DEBUG AnnotationConfiguration:235 - Execute first pass mapping processing
02:00:59,243 DEBUG AnnotationConfiguration:435 - Process hbm files
02:00:59,243 DEBUG AnnotationConfiguration:443 - Process annotated classes
02:00:59,244 DEBUG AnnotationConfiguration:329 - processing manytoone fk mappings
02:00:59,244 DEBUG ClassValidator:160 - ResourceBundle ValidatorMessages not found in thread context classloader
02:00:59,244 DEBUG ClassValidator:170 - ResourceBundle ValidatorMessages not found in Validator classloader. Delegate to org.hibernate.validator.resources.DefaultValidatorMessages
02:00:59,249 DEBUG ClassValidator:160 - ResourceBundle ValidatorMessages not found in thread context classloader
02:00:59,249 DEBUG ClassValidator:170 - ResourceBundle ValidatorMessages not found in Validator classloader. Delegate to org.hibernate.validator.resources.DefaultValidatorMessages
02:00:59,253 DEBUG ClassValidator:160 - ResourceBundle ValidatorMessages not found in thread context classloader
02:00:59,253 DEBUG ClassValidator:170 - ResourceBundle ValidatorMessages not found in Validator classloader. Delegate to org.hibernate.validator.resources.DefaultValidatorMessages
02:00:59,256 DEBUG ClassValidator:160 - ResourceBundle ValidatorMessages not found in thread context classloader
02:00:59,257 DEBUG ClassValidator:170 - ResourceBundle ValidatorMessages not found in Validator classloader. Delegate to org.hibernate.validator.resources.DefaultValidatorMessages
02:00:59,261 DEBUG ClassValidator:160 - ResourceBundle ValidatorMessages not found in thread context classloader
02:00:59,262 DEBUG ClassValidator:170 - ResourceBundle ValidatorMessages not found in Validator classloader. Delegate to org.hibernate.validator.resources.DefaultValidatorMessages
02:00:59,266 DEBUG ClassValidator:160 - ResourceBundle ValidatorMessages not found in thread context classloader
02:00:59,267 DEBUG ClassValidator:170 - ResourceBundle ValidatorMessages not found in Validator classloader. Delegate to org.hibernate.validator.resources.DefaultValidatorMessages
02:00:59,273 DEBUG ClassValidator:160 - ResourceBundle ValidatorMessages not found in thread context classloader
02:00:59,273 DEBUG ClassValidator:170 - ResourceBundle ValidatorMessages not found in Validator classloader. Delegate to org.hibernate.validator.resources.DefaultValidatorMessages
02:00:59,276 DEBUG ClassValidator:160 - ResourceBundle ValidatorMessages not found in thread context classloader
02:00:59,277 DEBUG ClassValidator:170 - ResourceBundle ValidatorMessages not found in Validator classloader. Delegate to org.hibernate.validator.resources.DefaultValidatorMessages
